"../../../../../../Users/yinglei fang/Documents/Unreal Projects/capstone3d/Content/Maps/Mineshaft_V1_BuiltData.uasset" 0
"../../../../../../Users/yinglei fang/Documents/Unreal Projects/capstone3d/Content/Maps/_GENERATED/nchis/Box_324896D8.uasset" 1
"../../../../../../Users/yinglei fang/Documents/Unreal Projects/capstone3d/Content/Maps/_GENERATED/nchis/Box_6A275C82.uasset" 2
"../../../../../../Users/yinglei fang/Documents/Unreal Projects/capstone3d/Content/Mannequin/Character/Mesh/SK_Mannequin_PhysicsAsset.uasset" 3
"../../../../../../Users/yinglei fang/Documents/Unreal Projects/capstone3d/Content/Mannequin/Character/Textures/UE4Man_Logo_N.uasset" 4
"../../../../../../Users/yinglei fang/Documents/Unreal Projects/capstone3d/Content/Mannequin/Character/Textures/UE4_Mannequin_MAT_MASKA.uasset" 5
"../../../../../../Users/yinglei fang/Documents/Unreal Projects/capstone3d/Content/Mannequin/Character/Textures/UE4_Mannequin__normals.uasset" 6
"../../../../../../Users/yinglei fang/Documents/Unreal Projects/capstone3d/Content/Mannequin/Character/Materials/MaterialLayers/T_ML_Aluminum01_N.uasset" 7
"../../../../../../Users/yinglei fang/Documents/Unreal Projects/capstone3d/Content/Mannequin/Character/Materials/MaterialLayers/T_ML_Aluminum01.uasset" 8
"../../../../../../Users/yinglei fang/Documents/Unreal Projects/capstone3d/Content/Mannequin/Character/Materials/MaterialLayers/ML_SoftMetal_UE4.uasset" 9
"../../../../../../Users/yinglei fang/Documents/Unreal Projects/capstone3d/Content/Mannequin/Character/Textures/UE4_LOGO_CARD.uasset" 10
"../../../../../../Users/yinglei fang/Documents/Unreal Projects/capstone3d/Content/Mannequin/Character/Materials/MaterialLayers/ML_Plastic_Shiny_Beige_LOGO.uasset" 11
"../../../../../../Users/yinglei fang/Documents/Unreal Projects/capstone3d/Content/Mannequin/Character/Materials/MaterialLayers/ML_Plastic_Shiny_Beige.uasset" 12
"../../../../../../Users/yinglei fang/Documents/Unreal Projects/capstone3d/Content/Mannequin/Character/Materials/MaterialLayers/T_ML_Rubber_Blue_01_N.uasset" 13
"../../../../../../Users/yinglei fang/Documents/Unreal Projects/capstone3d/Content/Mannequin/Character/Materials/MaterialLayers/T_ML_Rubber_Blue_01_D.uasset" 14
"../../../../../../Users/yinglei fang/Documents/Unreal Projects/capstone3d/Content/Mannequin/Character/Materials/MaterialLayers/ML_GlossyBlack_Latex_UE4.uasset" 15
"../../../Engine/Content/Functions/MaterialLayerFunctions/MatLayerBlend_Simple.uasset" 16
"../../../Engine/Content/Functions/Engine_MaterialFunctions02/Utility/BlendAngleCorrectedNormals.uasset" 17
"../../../Engine/Content/Functions/MaterialLayerFunctions/MatLayerBlend_NormalBlend.uasset" 18
"../../../../../../Users/yinglei fang/Documents/Unreal Projects/capstone3d/Content/Mannequin/Character/Materials/M_UE4Man_Body.uasset" 19
"../../../../../../Users/yinglei fang/Documents/Unreal Projects/capstone3d/Content/Mannequin/Character/Materials/M_UE4Man_ChestLogo.uasset" 20
"../../../../../../Users/yinglei fang/Documents/Unreal Projects/capstone3d/Content/Mannequin/Character/Mesh/UE4_Mannequin_Skeleton.uasset" 21
"../../../../../../Users/yinglei fang/Documents/Unreal Projects/capstone3d/Content/Mannequin/Character/Mesh/SK_Mannequin.uasset" 22
"../../../../../../Users/yinglei fang/Documents/Unreal Projects/capstone3d/Content/Models/Fixed_Ladder.uasset" 23
"../../../../../../Users/yinglei fang/Documents/Unreal Projects/capstone3d/Content/Interactables/Ladder.uasset" 24
"../../../../../../Users/yinglei fang/Documents/Unreal Projects/capstone3d/Content/BP/BP_PlayerCharacter.uasset" 25
"../../../../../../Users/yinglei fang/Documents/Unreal Projects/capstone3d/Content/BP_PlayerCharacter.uasset" 26
"../../../../../../Users/yinglei fang/Documents/Unreal Projects/capstone3d/Content/BP/BP_TestGameModeBase.uasset" 27
"../../../../../../Users/yinglei fang/Documents/Unreal Projects/capstone3d/Content/BP_TestGameModeBase.uasset" 28
"../../../../../../Users/yinglei fang/Documents/Unreal Projects/capstone3d/Content/Dialogue/NewWidgetBlueprint.uasset" 29
"../../../../../../Users/yinglei fang/Documents/Unreal Projects/capstone3d/Content/LevelDesign/Box_2336D9B7.uasset" 30
"../../../../../../Users/yinglei fang/Documents/Unreal Projects/capstone3d/Content/LevelDesign/Box_5C584AA4.uasset" 31
"../../../../../../Users/yinglei fang/Documents/Unreal Projects/capstone3d/Content/LevelDesign/Box_AA0E2685.uasset" 32
"../../../../../../Users/yinglei fang/Documents/Unreal Projects/capstone3d/Content/LevelDesign/Box_CCC7C2D8.uasset" 33
"../../../../../../Users/yinglei fang/Documents/Unreal Projects/capstone3d/Content/LevelDesign/Box_D7377A2A.uasset" 34
"../../../../../../Users/yinglei fang/Documents/Unreal Projects/capstone3d/Content/LevelDesign/Building_B.uasset" 35
"../../../../../../Users/yinglei fang/Documents/Unreal Projects/capstone3d/Content/LevelDesign/Buildng_A.uasset" 36
"../../../../../../Users/yinglei fang/Documents/Unreal Projects/capstone3d/Content/LevelDesign/Buildng_C.uasset" 37
"../../../../../../Users/yinglei fang/Documents/Unreal Projects/capstone3d/Content/LevelDesign/Extrude_51139FAD.uasset" 38
"../../../../../../Users/yinglei fang/Documents/Unreal Projects/capstone3d/Content/LevelDesign/Extrude_9F83AA96.uasset" 39
"../../../../../../Users/yinglei fang/Documents/Unreal Projects/capstone3d/Content/LevelDesign/Extrude_B12C8063.uasset" 40
"../../../../../../Users/yinglei fang/Documents/Unreal Projects/capstone3d/Content/LevelDesign/Rectangle_FF7A2F6E.uasset" 41
"../../../../../../Users/yinglei fang/Documents/Unreal Projects/capstone3d/Content/Mannequin/Animations/ThirdPersonJump_End.uasset" 42
"../../../Engine/Content/EditorBlueprintResources/StandardMacros.uasset" 43
"../../../../../../Users/yinglei fang/Documents/Unreal Projects/capstone3d/Content/Mannequin/Animations/ThirdPersonWalk.uasset" 44
"../../../../../../Users/yinglei fang/Documents/Unreal Projects/capstone3d/Content/Mannequin/Animations/ThirdPersonRun.uasset" 45
"../../../../../../Users/yinglei fang/Documents/Unreal Projects/capstone3d/Content/Mannequin/Animations/ThirdPersonIdle.uasset" 46
"../../../../../../Users/yinglei fang/Documents/Unreal Projects/capstone3d/Content/Mannequin/Animations/ThirdPerson_IdleRun_2D.uasset" 47
"../../../../../../Users/yinglei fang/Documents/Unreal Projects/capstone3d/Content/Mannequin/Animations/ThirdPerson_Jump.uasset" 48
"../../../../../../Users/yinglei fang/Documents/Unreal Projects/capstone3d/Content/Mannequin/Animations/ThirdPersonJump_Start.uasset" 49
"../../../../../../Users/yinglei fang/Documents/Unreal Projects/capstone3d/Content/Mannequin/Animations/ThirdPersonJump_Loop.uasset" 50
"../../../../../../Users/yinglei fang/Documents/Unreal Projects/capstone3d/Content/Mannequin/Animations/ThirdPerson_AnimBP.uasset" 51
"../../../../../../Users/yinglei fang/Documents/Unreal Projects/capstone3d/Content/Mannequin/Character/Materials/M_UE4Man_Body_Evil.uasset" 52
"../../../../../../Users/yinglei fang/Documents/Unreal Projects/capstone3d/Content/Models/Broken_Ladder.uasset" 53
"../../../../../../Users/yinglei fang/Documents/Unreal Projects/capstone3d/Content/Models/Crate.uasset" 54
"../../../../../../Users/yinglei fang/Documents/Unreal Projects/capstone3d/Content/Models/Materials/ghost.uasset" 55
"../../../../../../Users/yinglei fang/Documents/Unreal Projects/capstone3d/Content/Models/Ghost_Girl.uasset" 56
"../../../../../../Users/yinglei fang/Documents/Unreal Projects/capstone3d/Content/Models/Materials/lambert1.uasset" 57
"../../../../../../Users/yinglei fang/Documents/Unreal Projects/capstone3d/Content/Models/Rock_1.uasset" 58
"../../../../../../Users/yinglei fang/Documents/Unreal Projects/capstone3d/Content/Models/Rock_2.uasset" 59
"../../../../../../Users/yinglei fang/Documents/Unreal Projects/capstone3d/Content/Models/Rock_Wall_1.uasset" 60
"../../../../../../Users/yinglei fang/Documents/Unreal Projects/capstone3d/Content/Models/lambert1.uasset" 61
"../../../../../../Users/yinglei fang/Documents/Unreal Projects/capstone3d/Content/Models/blinn2.uasset" 62
"../../../../../../Users/yinglei fang/Documents/Unreal Projects/capstone3d/Content/Models/teddybear.uasset" 63
"../../../../../../Users/yinglei fang/Documents/Unreal Projects/capstone3d/Content/Models/Materials/t-1.uasset" 64
"../../../../../../Users/yinglei fang/Documents/Unreal Projects/capstone3d/Content/Models/Materials/sandpaper.uasset" 65
"../../../../../../Users/yinglei fang/Documents/Unreal Projects/capstone3d/Content/Models/Materials/tnt.uasset" 66
"../../../../../../Users/yinglei fang/Documents/Unreal Projects/capstone3d/Content/Models/Materials/blinn2.uasset" 67
"../../../../../../Users/yinglei fang/Documents/Unreal Projects/capstone3d/Content/Models/tnt-yes.uasset" 68
"../../../../../../Users/yinglei fang/Documents/Unreal Projects/capstone3d/Content/Models/Walkway.uasset" 69
"../../../../../../Users/yinglei fang/Documents/Unreal Projects/capstone3d/Content/NewFolder/Dialogue.uasset" 70
"../../../../../../Users/yinglei fang/Documents/Unreal Projects/capstone3d/Content/NewFolder/Dialogue_-_Sheet1.uasset" 71
"../../../../../../Users/yinglei fang/Documents/Unreal Projects/capstone3d/Content/Reaper/AttackBehavior.uasset" 72
"../../../../../../Users/yinglei fang/Documents/Unreal Projects/capstone3d/Content/UI/Dialogue_box.uasset" 73
"../../../../../../Users/yinglei fang/Documents/Unreal Projects/capstone3d/Content/UI/inventory_background.uasset" 74
"../../../../../../Users/yinglei fang/Documents/Unreal Projects/capstone3d/Content/UI/inventory_iconbutton.uasset" 75
"../../../Engine/Content/Animation/DefaultAnimBoneCompressionSettings.uasset" 76
"../../../Engine/Content/Animation/DefaultAnimCurveCompressionSettings.uasset" 77
"../../../Engine/Content/EngineMaterials/T_Default_Material_Grid_N.uasset" 78
"../../../Engine/Content/EngineMaterials/T_Default_Material_Grid_M.uasset" 79
"../../../Engine/Content/Functions/Engine_MaterialFunctions01/Opacity/CameraDepthFade.uasset" 80
"../../../Engine/Content/EngineMaterials/WorldGridMaterial.uasset" 81
"../../../Engine/Content/ArtTools/RenderToTexture/Meshes/S_1_Unit_Plane.uasset" 82
"../../../Engine/Content/EngineMaterials/DefaultMaterial.uasset" 83
"../../../Engine/Content/BasicShapes/Cone.uasset" 84
"../../../Engine/Content/BasicShapes/Plane.uasset" 85
"../../../Engine/Content/BasicShapes/Sphere.uasset" 86
"../../../Engine/Content/EditorLandscapeResources/DataLayer.uasset" 87
"../../../Engine/Content/EditorLandscapeResources/DefaultAlphaTexture.uasset" 88
"../../../Engine/Content/EditorMaterials/MAT_Groups_Toggle.uasset" 89
"../../../Engine/Content/EditorMaterials/MAT_Groups_Visibility.uasset" 90
"../../../Engine/Content/EditorMaterials/PreviewShadowIndicator.uasset" 91
"../../../Engine/Content/EditorMaterials/PreviewShadowIndicatorMaterial.uasset" 92
"../../../Engine/Content/EditorMaterials/MatineeGroups/MAT_ColorTrack.uasset" 93
"../../../Engine/Content/EditorMaterials/MatineeGroups/MAT_Groups_Anim.uasset" 94
"../../../Engine/Content/EditorMaterials/MatineeGroups/MAT_Groups_AudioMaster.uasset" 95
"../../../Engine/Content/EditorMaterials/MatineeGroups/MAT_Groups_Director.uasset" 96
"../../../Engine/Content/EditorMaterials/MatineeGroups/MAT_Groups_Event.uasset" 97
"../../../Engine/Content/EditorMaterials/MatineeGroups/MAT_Groups_Fade.uasset" 98
"../../../Engine/Content/EditorMaterials/MatineeGroups/MAT_Groups_Float.uasset" 99
"../../../Engine/Content/EditorMaterials/MatineeGroups/MAT_Groups_Move.uasset" 100
"../../../Engine/Content/EditorMaterials/MatineeGroups/MAT_Groups_Slomo.uasset" 101
"../../../Engine/Content/EditorMaterials/MatineeGroups/MAT_Groups_Sound.uasset" 102
"../../../Engine/Content/EditorMaterials/MatineeGroups/MAT_Groups_Vector.uasset" 103
"../../../Engine/Content/EditorMaterials/ParticleSystems/PSysThumbnail_NoImage.uasset" 104
"../../../Engine/Content/EditorMaterials/ParticleSystems/PSysThumbnail_OOD.uasset" 105
"../../../Engine/Content/EditorMaterials/Camera/CineMat.uasset" 106
"../../../Engine/Content/EditorMaterials/Camera/MI_CineMat_Rig.uasset" 107
"../../../Engine/Content/EditorMeshes/Camera/SM_CraneRig_Arm.uasset" 108
"../../../Engine/Content/EditorMeshes/Camera/SM_CraneRig_Base.uasset" 109
"../../../Engine/Content/EditorMeshes/Camera/SM_CraneRig_Body.uasset" 110
"../../../Engine/Content/EditorMeshes/Camera/SM_CraneRig_Mount.uasset" 111
"../../../Engine/Content/EditorMeshes/Camera/SM_RailRig_Mount.uasset" 112
"../../../Engine/Content/EditorMeshes/Camera/SM_RailRig_Track.uasset" 113
"../../../Engine/Content/EditorResources/BSPVertex.uasset" 114
"../../../Engine/Content/EditorResources/EmptyActor.uasset" 115
"../../../Engine/Content/EditorResources/S_Actor.uasset" 116
"../../../Engine/Content/EditorResources/S_Note.uasset" 117
"../../../Engine/Content/EditorResources/S_Solver.uasset" 118
"../../../Engine/Content/EditorResources/S_Terrain.uasset" 119
"../../../Engine/Content/EditorResources/S_Trigger.uasset" 120
"../../../Engine/Content/EditorResources/LightIcons/S_LightError.uasset" 121
"../../../Engine/Content/EditorResources/SequenceRecorder/Countdown.uasset" 122
"../../../Engine/Content/EditorResources/SequenceRecorder/RecordingIndicator.uasset" 123
"../../../Engine/Content/EngineDamageTypes/DmgTypeBP_Environmental.uasset" 124
"../../../Engine/Content/EngineDebugMaterials/DebugEditorMaterial.uasset" 125
"../../../Engine/Content/EngineDebugMaterials/DebugMeshMaterial.uasset" 126
"../../../Engine/Content/EngineDebugMaterials/M_SimpleUnlitTranslucent.uasset" 127
"../../../Engine/Content/EngineDebugMaterials/VolumeToRender.uasset" 128
"../../../Engine/Content/Functions/Engine_MaterialFunctions02/Utility/CameraDirectionVector.uasset" 129
"../../../Engine/Content/EngineDebugMaterials/M_VolumeRenderSphereTracePP.uasset" 130
"../../../Engine/Content/Functions/Engine_MaterialFunctions01/Shading/ConvertFromDiffSpec.uasset" 131
"../../../Engine/Content/EngineDebugMaterials/VertexColorMaterial.uasset" 132
"../../../Engine/Content/EngineDebugMaterials/WireframeMaterial.uasset" 133
"../../../Engine/Content/EngineFonts/Faces/RobotoRegular.uasset" 134
"../../../Engine/Content/EngineFonts/Faces/RobotoLight.uasset" 135
"../../../Engine/Content/EngineFonts/Faces/RobotoItalic.uasset" 136
"../../../Engine/Content/EngineFonts/Faces/RobotoBoldItalic.uasset" 137
"../../../Engine/Content/EngineFonts/Faces/RobotoBold.uasset" 138
"../../../Engine/Content/EngineFonts/Faces/DroidSansFallback.uasset" 139
"../../../Engine/Content/EngineFonts/Roboto.uasset" 140
"../../../Engine/Content/EngineMaterials/BaseFlattenNormalMap.uasset" 141
"../../../Engine/Content/EngineMaterials/BaseFlattenGrayscaleMap.uasset" 142
"../../../Engine/Content/EngineMaterials/BaseFlattenEmissiveMap.uasset" 143
"../../../Engine/Content/EngineMaterials/BaseFlattenDiffuseMap.uasset" 144
"../../../Engine/Content/EngineMaterials/BaseFlattenMaterial.uasset" 145
"../../../Engine/Content/EngineMaterials/BlueNoise.uasset" 146
"../../../Engine/Content/EngineMaterials/DefaultBloomKernel.uasset" 147
"../../../Engine/Content/EngineMaterials/DefaultBokeh.uasset" 148
"../../../Engine/Content/EngineMaterials/DefaultDiffuse.uasset" 149
"../../../Engine/Content/EngineMaterials/DefaultDeferredDecalMaterial.uasset" 150
"../../../Engine/Content/EngineMaterials/DefaultLightFunctionMaterial.uasset" 151
"../../../Engine/Content/EngineMaterials/DefaultPhysicalMaterial.uasset" 152
"../../../Engine/Content/Functions/Engine_MaterialFunctions02/Utility/BreakOutFloat2Components.uasset" 153
"../../../Engine/Content/EngineMaterials/DefaultPostProcessMaterial.uasset" 154
"../../../Engine/Content/EngineFonts/RobotoDistanceField.uasset" 155
"../../../Engine/Content/EngineMaterials/DefaultTextMaterialOpaque.uasset" 156
"../../../Engine/Content/EngineMaterials/DefaultWhiteGrid.uasset" 157
"../../../Engine/Content/EngineMaterials/DefaultWhiteGrid_Low.uasset" 158
"../../../Engine/Content/EngineMaterials/EmissiveMeshMaterial.uasset" 159
"../../../Engine/Content/EngineMaterials/GizmoMaterial.uasset" 160
"../../../Engine/Content/EngineMaterials/Good64x64TilingNoiseHighFreq.uasset" 161
"../../../Engine/Content/EngineMaterials/MiniFont.uasset" 162
"../../../Engine/Content/EngineMaterials/InvalidLightmapSettings.uasset" 163
"../../../Engine/Content/EngineMaterials/M_InvalidLightmapSettings.uasset" 164
"../../../Engine/Content/Functions/Engine_MaterialFunctions02/WorldPositionOffset/CameraOffset.uasset" 165
"../../../Engine/Content/EngineMaterials/PhAT_JointLimitMaterial.uasset" 166
"../../../Engine/Content/EngineMaterials/PreintegratedSkinBRDF.uasset" 167
"../../../Engine/Content/EngineMaterials/RemoveSurfaceMaterial.uasset" 168
"../../../Engine/Content/EngineMaterials/WeightMapPlaceholderTexture.uasset" 169
"../../../Engine/Content/EngineResources/WhiteSquareTexture.uasset" 170
"../../../Engine/Content/EngineMaterials/Widget3DPassThrough.uasset" 171
"../../../Engine/Content/EngineMaterials/Widget3DPassThrough_Masked.uasset" 172
"../../../Engine/Content/EngineMaterials/Widget3DPassThrough_Opaque.uasset" 173
"../../../Engine/Content/EngineMaterials/Widget3DPassThrough_Masked_OneSided.uasset" 174
"../../../Engine/Content/EngineMaterials/Widget3DPassThrough_Opaque_OneSided.uasset" 175
"../../../Engine/Content/EngineMaterials/Widget3DPassThrough_Translucent.uasset" 176
"../../../Engine/Content/EngineMaterials/Widget3DPassThrough_Translucent_OneSided.uasset" 177
"../../../Engine/Content/EngineMeshes/Cylinder.uasset" 178
"../../../Engine/Content/EngineMeshes/Sphere.uasset" 179
"../../../Engine/Content/EngineResources/Black.uasset" 180
"../../../Engine/Content/EngineResources/DefaultTextureCube.uasset" 181
"../../../Engine/Content/EngineResources/DefaultVolumeTexture2D.uasset" 182
"../../../Engine/Content/EngineResources/DefaultVolumeTexture.uasset" 183
"../../../Engine/Content/EngineResources/GradientTexture0.uasset" 184
"../../../Engine/Content/EngineSky/VolumetricClouds/T_NoiseShape64.uasset" 185
"../../../Engine/Content/EngineSky/VolumetricClouds/T_VolumeNoiseShape64.uasset" 186
"../../../Engine/Content/EngineSky/VolumetricClouds/T_NoiseErosion.uasset" 187
"../../../Engine/Content/EngineSky/VolumetricClouds/T_VolumeNoiseErosion32.uasset" 188
"../../../Engine/Content/Functions/Engine_MaterialFunctions02/Utility/MakeFloat2.uasset" 189
"../../../Engine/Content/EngineSky/VolumetricClouds/CloudWeatherTexture.uasset" 190
"../../../Engine/Content/EngineSky/VolumetricClouds/CloudGradientTexture.uasset" 191
"../../../Engine/Content/EngineSky/VolumetricClouds/m_SimpleVolumetricCloud.uasset" 192
"../../../Engine/Content/EngineSky/VolumetricClouds/m_SimpleVolumetricCloud_Inst.uasset" 193
"../../../Engine/Content/EngineSounds/Master.uasset" 194
"../../../Engine/Content/Functions/Engine_MaterialFunctions01/Shading/PowerToRoughness.uasset" 195
"../../../Engine/Content/Maps/Templates/Thumbnails/Default.uasset" 196
"../../../Engine/Content/Maps/Templates/Thumbnails/TimeOfDay.uasset" 197
"../../../Engine/Content/Maps/Templates/Thumbnails/VR-Basic.uasset" 198
"../../../Engine/Content/MobileResources/T_MobileControls_texture.uasset" 199
"../../../Engine/Content/MobileResources/T_MobileMenu2.uasset" 200
"../../../Engine/Content/MobileResources/HUD/AnalogHat.uasset" 201
"../../../Engine/Content/MobileResources/HUD/VirtualJoystick_Thumb.uasset" 202
"../../../Engine/Content/MobileResources/HUD/VirtualJoystick_Background.uasset" 203
"../../../Engine/Content/MobileResources/HUD/DefaultVirtualJoysticks.uasset" 204
"../../../Engine/Content/MobileResources/HUD/LeftVirtualJoystickOnly.uasset" 205
"../../../Engine/Content/MobileResources/HUD/MobileHUDButton1_off.uasset" 206
"../../../Engine/Content/MobileResources/HUD/MobileHUDButton1_on.uasset" 207
"../../../Engine/Content/MobileResources/HUD/MobileHUDButton2_off.uasset" 208
"../../../Engine/Content/MobileResources/HUD/MobileHUDButton2_on.uasset" 209
"../../../Engine/Content/MobileResources/HUD/MobileHUDButton3.uasset" 210
"../../../Engine/Content/MobileResources/HUD/MobileHUDButtonFire.uasset" 211
"../../../Engine/Content/MobileResources/HUD/MobileHUDDirectionPad.uasset" 212
"../../../Engine/Content/MobileResources/HUD/MobileHUDDirectionPad2.uasset" 213
"../../../Engine/Content/MobileResources/HUD/MobileHUDDirectionPad3.uasset" 214
"../../../Engine/Content/MobileResources/HUD/MobileHUDDirectionStick.uasset" 215
"../../../Engine/Content/MobileResources/HUD/T_Castle_ThumbstickInner.uasset" 216
"../../../Engine/Content/MobileResources/HUD/T_Castle_ThumbstickOutter.uasset" 217
"../../../Engine/Content/Tutorial/ContentIntroCurve.uasset" 218
"../../../Engine/Content/Tutorial/Basics/LevelEditorAttract.uasset" 219
"../../../Engine/Content/Tutorial/Basics/TutorialAssets/icon_tab_Levels_40x.uasset" 220
"../../../Engine/Content/Tutorial/Basics/LevelEditorOverview.uasset" 221
"../../../Engine/Content/Tutorial/Basics/TutorialAssets/CameraActor_64x.uasset" 222
"../../../Engine/Content/Tutorial/Basics/ViewportsTutorial.uasset" 223
"../../../Engine/Content/Tutorial/BlueprintTutorials/TutorialAssets/Blueprint_64x.uasset" 224
"../../../Engine/Content/Tutorial/BlueprintTutorials/BlueprintEditorTutorial.uasset" 225
"../../../Engine/Content/VREditor/TransformGizmo/TranslucentTransformGizmoMaterial.uasset" 226
"../../../Engine/Content/VREditor/LaserPointer/VR_LaserPower_01.uasset" 227
"../../../Engine/Content/VREditor/TransformGizmo/TransformGizmoMaterial.uasset" 228
"../../../Engine/Content/VREditor/TransformGizmo/BoundingBoxCorner.uasset" 229
"../../../Engine/Content/VREditor/TransformGizmo/BoundingBoxEdge.uasset" 230
"../../../Engine/Content/VREditor/TransformGizmo/PlaneTranslationHandle.uasset" 231
"../../../Engine/Content/VREditor/TransformGizmo/Xray.uasset" 232
"../../../Engine/Content/VREditor/TransformGizmo/Main.uasset" 233
"../../../Engine/Content/VREditor/TransformGizmo/SM_Sequencer_Key.uasset" 234
"../../../Engine/Content/VREditor/TransformGizmo/SM_Sequencer_Node.uasset" 235
"../../Plugins/2D/Paper2D/Content/PlaceholderTextures/DummySpriteTexture.uasset" 236
"../../Plugins/2D/Paper2D/Content/DummySprite.uasset" 237
"../../Plugins/2D/Paper2D/Content/DefaultPaperTerrainMaterial.uasset" 238
"../../Plugins/2D/Paper2D/Content/DefaultSpriteMaterial.uasset" 239
"../../Plugins/2D/Paper2D/Content/MaskedUnlitSpriteMaterial.uasset" 240
"../../Plugins/2D/Paper2D/Content/OpaqueUnlitSpriteMaterial.uasset" 241
"../../../Engine/Content/Functions/Engine_MaterialFunctions02/Utility/BreakOutFloat3Components.uasset" 242
"../../../Engine/Content/Functions/Engine_MaterialFunctions02/ObjectLocalBounds.uasset" 243
"../../Plugins/Editor/SpeedTreeImporter/Content/SpeedTree9/UnpackInteger3.uasset" 244
"../../Plugins/Editor/SpeedTreeImporter/Content/SpeedTree9/UnpackDirection.uasset" 245
"../../Plugins/Editor/SpeedTreeImporter/Content/SpeedTree9/game_wind_noise.uasset" 246
"../../../Engine/Content/Functions/Engine_MaterialFunctions02/SafeNormalize.uasset" 247
"../../Plugins/Editor/SpeedTreeImporter/Content/SpeedTree9/SpeedTreeWindMotion.uasset" 248
"../../Plugins/Editor/SpeedTreeImporter/Content/SpeedTree9/SpeedTreeBranchMotion.uasset" 249
"../../../Engine/Content/Functions/Engine_MaterialFunctions02/UVs/BoundingBoxBased_0-1_UVW.uasset" 250
"../../Plugins/Editor/SpeedTreeImporter/Content/SpeedTree9/SpeedTreeWind.uasset" 251
"../../Plugins/Editor/SpeedTreeImporter/Content/SpeedTree9/SpeedTreeBillboard.uasset" 252
"../../../Engine/Content/EngineResources/DefaultTexture.uasset" 253
"../../Plugins/Editor/SpeedTreeImporter/Content/SpeedTree9/SpeedTreeBillboardMaster.uasset" 254
"../../Plugins/Editor/SpeedTreeImporter/Content/SpeedTree9/SpeedTreeCameraFacing.uasset" 255
"../../Plugins/Editor/SpeedTreeImporter/Content/SpeedTree9/SpeedTreeMaster.uasset" 256
"../../../Engine/Content/BasicShapes/Cylinder.uasset" 257
"../../../Engine/Content/ArtTools/RenderToTexture/Materials/Debug/M_Emissive_Color.uasset" 258
"../../Plugins/Lumin/MagicLeapPassableWorld/Content/MagicLeapARPinInfoActor.uasset" 259
"../../Plugins/Runtime/HairStrands/Content/Materials/HairCardsDefaultMaterial.uasset" 260
"../../../Engine/Content/Functions/Engine_MaterialFunctions02/Utility/MakeFloat3.uasset" 261
"../../../Engine/Content/EngineMaterials/HairDebugColor.uasset" 262
"../../../Engine/Content/EngineMaterials/HairColorMap.uasset" 263
"../../Plugins/Runtime/HairStrands/Content/Materials/HairDebugMaterial.uasset" 264
"../../Plugins/Runtime/HairStrands/Content/Materials/HairDefaultMaterial.uasset" 265
"../../Plugins/Runtime/HairStrands/Content/Materials/HairMeshesDefaultMaterial.uasset" 266
"../../../Engine/Content/Functions/Engine_MaterialFunctions02/Utility/BreakOutFloat4Components.uasset" 267
"../../Plugins/Runtime/Oculus/OculusVR/Content/Materials/OculusMR_ChromaKey.uasset" 268
"../../Plugins/Runtime/Oculus/OculusVR/Content/Materials/OculusMR_OpaqueColoredMaterial.uasset" 269
"../../Plugins/Runtime/Oculus/OculusVR/Content/Materials/PokeAHoleMaterial.uasset" 270
"../../../../../../Users/yinglei fang/Documents/Unreal Projects/capstone3d/Content/Models/Rock_Wall_Tall.uasset" 271
"../../../../../../Users/yinglei fang/Documents/Unreal Projects/capstone3d/Content/Models/Materials/lambert5.uasset" 272
"../../../../../../Users/yinglei fang/Documents/Unreal Projects/capstone3d/Content/Models/Materials/lambert4.uasset" 273
"../../../../../../Users/yinglei fang/Documents/Unreal Projects/capstone3d/Content/Models/Rock_Wall_Short.uasset" 274
"../../../../../../Users/yinglei fang/Documents/Unreal Projects/capstone3d/Content/Models/Rock_Wall_Large.uasset" 275
"../../../../../../Users/yinglei fang/Documents/Unreal Projects/capstone3d/Content/Models/Rock_Wall_2.uasset" 276
"../../../../../../Users/yinglei fang/Documents/Unreal Projects/capstone3d/Content/Models/Materials/rails_iron.uasset" 277
"../../../../../../Users/yinglei fang/Documents/Unreal Projects/capstone3d/Content/Models/Materials/wood.uasset" 278
"../../../../../../Users/yinglei fang/Documents/Unreal Projects/capstone3d/Content/Models/Rails_Straight.uasset" 279
"../../../../../../Users/yinglei fang/Documents/Unreal Projects/capstone3d/Content/Models/Rails_Curve.uasset" 280
"../../../../../../Users/yinglei fang/Documents/Unreal Projects/capstone3d/Content/Models/Materials/wood_supports_2.uasset" 281
"../../../../../../Users/yinglei fang/Documents/Unreal Projects/capstone3d/Content/Models/Materials/wood_supports.uasset" 282
"../../../../../../Users/yinglei fang/Documents/Unreal Projects/capstone3d/Content/Models/Mineshaft_Support.uasset" 283
"../../../../../../Users/yinglei fang/Documents/Unreal Projects/capstone3d/Content/Models/Materials/Metal.uasset" 284
"../../../../../../Users/yinglei fang/Documents/Unreal Projects/capstone3d/Content/Models/Materials/glass.uasset" 285
"../../../../../../Users/yinglei fang/Documents/Unreal Projects/capstone3d/Content/Models/Lantern.uasset" 286
"../../../../../../Users/yinglei fang/Documents/Unreal Projects/capstone3d/Content/LevelDesign/Walkway_Post.uasset" 287
"../../../../../../Users/yinglei fang/Documents/Unreal Projects/capstone3d/Content/LevelDesign/Extrude_AE2B7DFA.uasset" 288
"../../../../../../Users/yinglei fang/Documents/Unreal Projects/capstone3d/Content/LevelDesign/Extrude_476897D7.uasset" 289
"../../../../../../Users/yinglei fang/Documents/Unreal Projects/capstone3d/Content/LevelDesign/Box_5BA455C5.uasset" 290
"../../../../../../Users/yinglei fang/Documents/Unreal Projects/capstone3d/Content/LevelDesign/Boolean_A39D50FB.uasset" 291
"../../../Engine/Content/EngineSky/T_Sky_Stars.uasset" 292
"../../../Engine/Content/EngineSky/T_Sky_Clouds_M.uasset" 293
"../../../Engine/Content/EngineSky/T_Sky_Blue.uasset" 294
"../../../Engine/Content/BasicShapes/Cube.uasset" 295
"../../../../../../Users/yinglei fang/Documents/Unreal Projects/capstone3d/Content/Models/Materials/Rock.uasset" 296
"../../../Engine/Content/EngineSky/M_Sky_Panning_Clouds2.uasset" 297
"../../../../../../Users/yinglei fang/Documents/Unreal Projects/capstone3d/Content/Mineshaft_Remake_BuiltData.uasset" 298
"../../../../../../Users/yinglei fang/Documents/Unreal Projects/capstone3d/Content/Models/Rails_Curve_Less.uasset" 299
"../../../Engine/Content/EngineSky/SM_SkySphere.uasset" 300
"../../../Engine/Content/EngineSky/C_Sky_Zenith_Color.uasset" 301
"../../../Engine/Content/EngineSky/C_Sky_Horizon_Color.uasset" 302
"../../../Engine/Content/EngineSky/C_Sky_Cloud_Color.uasset" 303
"../../../Engine/Content/EngineSky/BP_Sky_Sphere.uasset" 304
"../../../../../../Users/yinglei fang/Documents/Unreal Projects/capstone3d/Content/Geometry/Meshes/CubeMaterial.uasset" 305
"../../../../../../Users/yinglei fang/Documents/Unreal Projects/capstone3d/Content/Geometry/Meshes/1M_Cube.uasset" 306
"../../../../../../Users/yinglei fang/Documents/Unreal Projects/capstone3d/Content/TrackSpline.uasset" 307
"../../../../../../Users/yinglei fang/Documents/Unreal Projects/capstone3d/Content/Models/Materials/minecart1.uasset" 308
"../../../../../../Users/yinglei fang/Documents/Unreal Projects/capstone3d/Content/Models/Minecart.uasset" 309
"../../../../../../Users/yinglei fang/Documents/Unreal Projects/capstone3d/Content/Cart.uasset" 310
"../../../../../../Users/yinglei fang/Documents/Unreal Projects/capstone3d/Content/Mineshaft_Remake.umap" 311
"../../../Engine/Content/MapTemplates/SM_Template_Map_Floor.uasset" 312
"../../../Engine/Content/BasicShapes/BasicShapeMaterial.uasset" 313
"../../../../../../Users/yinglei fang/Documents/Unreal Projects/capstone3d/Content/NewMap_BuiltData.uasset" 314
"../../../../../../Users/yinglei fang/Documents/Unreal Projects/capstone3d/Content/NewMap.umap" 315
"../../../../../../Users/yinglei fang/Documents/Unreal Projects/capstone3d/Content/UI/MainMenu_PC.uasset" 316
"../../../../../../Users/yinglei fang/Documents/Unreal Projects/capstone3d/Content/UI/UI_GameMode.uasset" 317
"../../../../../../Users/yinglei fang/Documents/Unreal Projects/capstone3d/Content/UI/GameName_Sign.uasset" 318
"../../../../../../Users/yinglei fang/Documents/Unreal Projects/capstone3d/Content/UI/tempBackground.uasset" 319
"../../../../../../Users/yinglei fang/Documents/Unreal Projects/capstone3d/Content/UI/mainmenubuttin.uasset" 320
"../../../../../../Users/yinglei fang/Documents/Unreal Projects/capstone3d/Content/UI/Credits.uasset" 321
"../../../../../../Users/yinglei fang/Documents/Unreal Projects/capstone3d/Content/UI/MainMenuWidget.uasset" 322
"../../../../../../Users/yinglei fang/Documents/Unreal Projects/capstone3d/Content/UI/MainMenuScene.umap" 323
"../../../Engine/Content/Maps/Entry_BuiltData.uasset" 324
"../../../Engine/Content/Maps/Entry.umap" 325
